<?xml version="1.0" encoding="UTF-8"?>
<!-- Generated by org.testng.reporters.JUnitXMLReporter -->
<testsuite hostname="MUNTASIR-BOCTC10" ignored="0" name="Default test" tests="3" failures="0" timestamp="2020-09-11T19:22:40 BDT" time="47.54" errors="0">
  <testcase name="searchTest" time="4.972" classname="com.DataProviderTest.LoginTestByDataSet"/>
  <testcase name="searchTest" time="4.1" classname="com.DataProviderTest.LoginTestByDataSet"/>
  <testcase name="searchTest" time="5.104" classname="com.DataProviderTest.LoginTestByDataSet"/>
</testsuite> <!-- Default test -->
