<?xml version="1.0" encoding="UTF-8"?>
<!-- Generated by org.testng.reporters.JUnitXMLReporter -->
<testsuite hostname="MUNTASIR-BOCTC10" ignored="0" name="Firefox Browser Test" tests="1" failures="0" timestamp="2020-09-04T20:54:28 BDT" time="0.009" errors="0">
  <testcase name="@BeforeTest SetUp" time="0.0" classname="com.CrossBrowser.MultipleBrowserTest">
    <failure type="java.lang.Exception" message="Browser not found">
      <![CDATA[java.lang.Exception: Browser not found
at com.CrossBrowser.MultipleBrowserTest.SetUp(MultipleBrowserTest.java:37)
... Removed 24 stack frames]]>
    </failure>
  </testcase> <!-- @BeforeTest SetUp -->
  <testcase name="@AfterTest CloseBrowser" time="-1.599231268892E9" classname="com.CrossBrowser.MultipleBrowserTest">
    <skipped/>
  </testcase> <!-- @AfterTest CloseBrowser -->
  <testcase name="Title" time="0.0" classname="com.CrossBrowser.MultipleBrowserTest">
    <skipped/>
  </testcase> <!-- Title -->
</testsuite> <!-- Firefox Browser Test -->
